<?xml version="1.0" encoding="UTF-8"?>
<tests dir="" module-pattern="/test-values.xqy" test-pattern="" xray-version="2.0"
       xmlns="http://github.com/robwhitby/xray">
    <module path="/xray/test/test-values.xqy" total="2" passed="0" ignored="0" failed="2" error="0">
        <test name="compare-1-xml" result="failed" time="PT0.0001867S">
            <assert test="equal" result="failed">
                <actual>
                    <a lorem="ipsum" xmlns=""/>
                </actual>
                <expected>
                    <b lorem="ipsum" xmlns=""/>
                </expected>
                <message/>
            </assert>
        </test>
        <test name="compare-2-empty-sequence" result="failed" time="PT0.0002153S">
            <assert test="equal" result="passed">
                <actual/>
                <expected/>
                <message/>
            </assert>
            <assert test="equal" result="failed">
                <actual/>
                <expected>1</expected>
                <message/>
            </assert>
            <assert test="equal" result="failed">
                <actual>2</actual>
                <expected/>
                <message/>
            </assert>
        </test>
    </module>
</tests>
